c:\users\cyber_user\source\repos\bigproject\bigproject\debug\vc142.pdb
c:\users\cyber_user\source\repos\bigproject\bigproject\debug\vc142.idb
c:\users\cyber_user\source\repos\bigproject\bigproject\debug\prog.obj
c:\users\cyber_user\source\repos\bigproject\bigproject\debug\file_helper.obj
c:\users\cyber_user\source\repos\bigproject\bigproject\debug\menu.obj
c:\users\cyber_user\source\repos\bigproject\bigproject\debug\contact.obj
c:\users\cyber_user\source\repos\bigproject\bigproject\debug\contact.obj.enc
c:\users\cyber_user\source\repos\bigproject\bigproject\debug\file_helper.obj.enc
c:\users\cyber_user\source\repos\bigproject\debug\bigproject.pdb
c:\users\cyber_user\source\repos\bigproject\bigproject\debug\bigproject.tlog\cl.command.1.tlog
c:\users\cyber_user\source\repos\bigproject\bigproject\debug\bigproject.tlog\cl.read.1.tlog
c:\users\cyber_user\source\repos\bigproject\bigproject\debug\bigproject.tlog\cl.write.1.tlog
c:\users\cyber_user\source\repos\bigproject\bigproject\debug\bigproject.tlog\link-cvtres.read.1.tlog
c:\users\cyber_user\source\repos\bigproject\bigproject\debug\bigproject.tlog\link-cvtres.write.1.tlog
c:\users\cyber_user\source\repos\bigproject\bigproject\debug\bigproject.tlog\link-rc.read.1.tlog
c:\users\cyber_user\source\repos\bigproject\bigproject\debug\bigproject.tlog\link-rc.write.1.tlog
c:\users\cyber_user\source\repos\bigproject\bigproject\debug\bigproject.tlog\link.4640-cvtres.read.1.tlog
c:\users\cyber_user\source\repos\bigproject\bigproject\debug\bigproject.tlog\link.4640-cvtres.write.1.tlog
c:\users\cyber_user\source\repos\bigproject\bigproject\debug\bigproject.tlog\link.4640-rc.read.1.tlog
c:\users\cyber_user\source\repos\bigproject\bigproject\debug\bigproject.tlog\link.4640-rc.write.1.tlog
c:\users\cyber_user\source\repos\bigproject\bigproject\debug\bigproject.tlog\link.4640.read.1.tlog
c:\users\cyber_user\source\repos\bigproject\bigproject\debug\bigproject.tlog\link.4640.write.1.tlog
c:\users\cyber_user\source\repos\bigproject\bigproject\debug\bigproject.tlog\link.command.1.tlog
c:\users\cyber_user\source\repos\bigproject\bigproject\debug\bigproject.tlog\link.read.1.tlog
c:\users\cyber_user\source\repos\bigproject\bigproject\debug\bigproject.tlog\link.write.1.tlog
